00:34:34.681 [main] INFO Agent.premain: To disable the automatic creation of this log file, set the system property appmap.disableLogFile to 'true'
00:34:34.683 [main] INFO Agent.premain: Agent version 1.26.5, current time mills: 1712603074165
00:34:34.683 [main] INFO Agent.premain: config: {
	"configFile":"D:\\sumiEngine\\appmap.yml",
	"name":"sumiEngine",
	"packages":[{
		"allMethods":true,
		"exclude":[],
		"path":"banana",
		"shallow":false
	},{
		"allMethods":true,
		"exclude":[],
		"path":"game",
		"shallow":false
	}]
}
00:34:34.822 [main] INFO Agent.premain: System properties: {java.runtime.name=OpenJDK Runtime Environment, sun.boot.library.path=C:\Users\Kenkal PC\.jdks\corretto-1.8.0_402\jre\bin, java.vm.version=25.402-b08, java.vm.vendor=Amazon.com Inc., java.vendor.url=https://aws.amazon.com/corretto/, path.separator=;, java.vm.name=OpenJDK 64-Bit Server VM, file.encoding.pkg=sun.io, user.country=IN, user.script=, sun.java.launcher=SUN_STANDARD, sun.os.patch.level=, java.vm.specification.name=Java Virtual Machine Specification, user.dir=D:\sumiEngine, java.runtime.version=1.8.0_402-b08, java.awt.graphicsenv=sun.awt.Win32GraphicsEnvironment, java.endorsed.dirs=C:\Users\Kenkal PC\.jdks\corretto-1.8.0_402\jre\lib\endorsed, os.arch=amd64, java.io.tmpdir=C:\Users\KENKAL~1\AppData\Local\Temp\, line.separator=
, java.vm.specification.vendor=Oracle Corporation, user.variant=, os.name=Windows 10, sun.jnu.encoding=Cp1252, java.library.path=C:\Users\Kenkal PC\.jdks\corretto-1.8.0_402\bin;C:\Windows\Sun\Java\bin;C:\Windows\system32;C:\Windows;C:\Program Files (x86)\Common Files\Oracle\Java\javapath;C:\Program Files (x86)\VMware\VMware Player\bin\;C:\Windows\system32;C:\Windows;C:\Windows\System32\Wbem;C:\Windows\System32\WindowsPowerShell\v1.0\;C:\Windows\System32\OpenSSH\;C:\Program Files (x86)\NVIDIA Corporation\PhysX\Common;C:\Program Files\NVIDIA Corporation\NVIDIA NvDLISR;C:\Program Files\Git\cmd;C:\Program Files\dotnet\;C:\Program Files\nodejs\;C:\Users\Kenkal PC\AppData\Local\Programs\Python\Python311\Scripts\;C:\Users\Kenkal PC\AppData\Local\Programs\Python\Python311\;C:\Users\Kenkal PC\AppData\Local\Microsoft\WindowsApps;C:\x86_64-8.1.0-release-posix-seh-rt_v6-rev0\mingw64\bin;C:\Program Files\JetBrains\PyCharm Community Edition 2022.3.2\bin;;C:\Program Files\JetBrains\IntelliJ IDEA Community Edition 2023.1.2\bin;;E:\DevelopmentTools\gradle-8.1.1-bin\gradle-8.1.1\bin;C:\Users\Kenkal PC\AppData\Local\Programs\Microsoft VS Code\bin;C:\Users\Kenkal PC\AppData\Roaming\npm;C:\Users\Kenkal PC\AppData\Local\GitHubDesktop\bin;C:\Users\Kenkal PC\.dotnet\tools;., java.specification.name=Java Platform API Specification, java.class.version=52.0, appmap.config.file=D:\sumiEngine\appmap.yml, sun.management.compiler=HotSpot 64-Bit Tiered Compilers, os.version=10.0, user.home=C:\Users\Kenkal PC, user.timezone=Asia/Calcutta, java.awt.printerjob=sun.awt.windows.WPrinterJob, file.encoding=UTF-8, java.specification.version=1.8, java.class.path=C:\Users\Kenkal PC\.jdks\corretto-1.8.0_402\jre\lib\charsets.jar;C:\Users\Kenkal PC\.jdks\corretto-1.8.0_402\jre\lib\ext\access-bridge-64.jar;C:\Users\Kenkal PC\.jdks\corretto-1.8.0_402\jre\lib\ext\cldrdata.jar;C:\Users\Kenkal PC\.jdks\corretto-1.8.0_402\jre\lib\ext\dnsns.jar;C:\Users\Kenkal PC\.jdks\corretto-1.8.0_402\jre\lib\ext\jaccess.jar;C:\Users\Kenkal PC\.jdks\corretto-1.8.0_402\jre\lib\ext\jfxrt.jar;C:\Users\Kenkal PC\.jdks\corretto-1.8.0_402\jre\lib\ext\localedata.jar;C:\Users\Kenkal PC\.jdks\corretto-1.8.0_402\jre\lib\ext\nashorn.jar;C:\Users\Kenkal PC\.jdks\corretto-1.8.0_402\jre\lib\ext\sunec.jar;C:\Users\Kenkal PC\.jdks\corretto-1.8.0_402\jre\lib\ext\sunjce_provider.jar;C:\Users\Kenkal PC\.jdks\corretto-1.8.0_402\jre\lib\ext\sunmscapi.jar;C:\Users\Kenkal PC\.jdks\corretto-1.8.0_402\jre\lib\ext\sunpkcs11.jar;C:\Users\Kenkal PC\.jdks\corretto-1.8.0_402\jre\lib\ext\zipfs.jar;C:\Users\Kenkal PC\.jdks\corretto-1.8.0_402\jre\lib\jce.jar;C:\Users\Kenkal PC\.jdks\corretto-1.8.0_402\jre\lib\jfr.jar;C:\Users\Kenkal PC\.jdks\corretto-1.8.0_402\jre\lib\jfxswt.jar;C:\Users\Kenkal PC\.jdks\corretto-1.8.0_402\jre\lib\jsse.jar;C:\Users\Kenkal PC\.jdks\corretto-1.8.0_402\jre\lib\management-agent.jar;C:\Users\Kenkal PC\.jdks\corretto-1.8.0_402\jre\lib\resources.jar;C:\Users\Kenkal PC\.jdks\corretto-1.8.0_402\jre\lib\rt.jar;D:\sumiEngine\out\production\sumiEngine;D:\sumiEngine\res;C:\Users\Kenkal PC\.appmap\lib\java\appmap.jar;C:\Program Files\JetBrains\IntelliJ IDEA Community Edition 2023.1.2\lib\idea_rt.jar, user.name=Anosh, java.vm.specification.version=1.8, sun.java.command=game.GameManager, java.home=C:\Users\Kenkal PC\.jdks\corretto-1.8.0_402\jre, sun.arch.data.model=64, user.language=en, java.specification.vendor=Oracle Corporation, awt.toolkit=sun.awt.windows.WToolkit, java.vm.info=mixed mode, java.version=1.8.0_402, java.ext.dirs=C:\Users\Kenkal PC\.jdks\corretto-1.8.0_402\jre\lib\ext;C:\Windows\Sun\Java\lib\ext, sun.boot.class.path=C:\Users\Kenkal PC\.jdks\corretto-1.8.0_402\jre\lib\resources.jar;C:\Users\Kenkal PC\.jdks\corretto-1.8.0_402\jre\lib\rt.jar;C:\Users\Kenkal PC\.jdks\corretto-1.8.0_402\jre\lib\sunrsasign.jar;C:\Users\Kenkal PC\.jdks\corretto-1.8.0_402\jre\lib\jsse.jar;C:\Users\Kenkal PC\.jdks\corretto-1.8.0_402\jre\lib\jce.jar;C:\Users\Kenkal PC\.jdks\corretto-1.8.0_402\jre\lib\charsets.jar;C:\Users\Kenkal PC\.jdks\corretto-1.8.0_402\jre\lib\jfr.jar;C:\Users\Kenkal PC\.jdks\corretto-1.8.0_402\jre\classes, java.vendor=Amazon.com Inc., java.specification.maintenance.version=5, file.separator=\, java.vendor.url.bug=https://github.com/corretto/corretto-8/issues/, sun.io.unicode.encoding=UnicodeLittle, sun.cpu.endian=little, sun.desktop=windows, sun.cpu.isalist=amd64}
00:34:47.011 [Thread-0] INFO ClassFileTransformer.lambda$logStatistics$14: +++ method call +++
00:34:47.011 [Thread-0] INFO ClassFileTransformer.lambda$logStatistics$14: classes examined: 1424
00:34:47.011 [Thread-0] INFO ClassFileTransformer.lambda$logStatistics$14: classes ignored: 806
00:34:47.011 [Thread-0] INFO ClassFileTransformer.lambda$logStatistics$14: methods examined: 10896
00:34:47.011 [Thread-0] INFO ClassFileTransformer.lambda$logStatistics$14: methods instrumented: 46
00:34:47.012 [Thread-0] INFO ClassFileTransformer.lambda$logStatistics$14: === method call ===
00:34:47.012 [Thread-0] INFO ClassFileTransformer.lambda$logStatistics$14: +++ system hook +++
00:34:47.012 [Thread-0] INFO ClassFileTransformer.lambda$logStatistics$14: classes examined: 936
00:34:47.012 [Thread-0] INFO ClassFileTransformer.lambda$logStatistics$14: classes ignored: 765
00:34:47.012 [Thread-0] INFO ClassFileTransformer.lambda$logStatistics$14: methods examined: 10400
00:34:47.013 [Thread-0] INFO ClassFileTransformer.lambda$logStatistics$14: methods instrumented: 0
00:34:47.013 [Thread-0] INFO ClassFileTransformer.lambda$logStatistics$14: === system hook ===
